2021-06-16 09:11:35.169  INFO 32393 --- [main] d.i.w.m.service.MerchantsServTest        : Starting MerchantsServTest on Xiaochuangs-Air with PID 32393 (started by xiaochuangzhao in /Users/xiaochuangzhao/Documents/Github/Projects/wallet-app-distributed-backend/merchants)
2021-06-16 09:11:35.171  INFO 32393 --- [main] d.i.w.m.service.MerchantsServTest        : No active profile set, falling back to default profiles: default
2021-06-16 09:11:35.226  INFO 32393 --- [main] s.c.a.AnnotationConfigApplicationContext : Refreshing org.springframework.context.annotation.AnnotationConfigApplicationContext@67f639d3: startup date [Wed Jun 16 09:11:35 EDT 2021]; root of context hierarchy
2021-06-16 09:11:37.727  INFO 32393 --- [main] trationDelegate$BeanPostProcessorChecker : Bean 'org.springframework.kafka.annotation.KafkaBootstrapConfiguration' of type [org.springframework.kafka.annotation.KafkaBootstrapConfiguration$$EnhancerBySpringCGLIB$$90ae7d4e] is not eligible for getting processed by all BeanPostProcessors (for example: not eligible for auto-proxying)
2021-06-16 09:11:40.197  INFO 32393 --- [main] j.LocalContainerEntityManagerFactoryBean : Building JPA container EntityManagerFactory for persistence unit 'default'
2021-06-16 09:11:40.214  INFO 32393 --- [main] o.hibernate.jpa.internal.util.LogHelper  : HHH000204: Processing PersistenceUnitInfo [
	name: default
	...]
2021-06-16 09:11:40.294  INFO 32393 --- [main] org.hibernate.Version                    : HHH000412: Hibernate Core {5.0.12.Final}
2021-06-16 09:11:40.296  INFO 32393 --- [main] org.hibernate.cfg.Environment            : HHH000206: hibernate.properties not found
2021-06-16 09:11:40.297  INFO 32393 --- [main] org.hibernate.cfg.Environment            : HHH000021: Bytecode provider name : javassist
2021-06-16 09:11:40.494  INFO 32393 --- [main] o.hibernate.annotations.common.Version   : HCANN000001: Hibernate Commons Annotations {5.0.1.Final}
2021-06-16 09:11:40.646  INFO 32393 --- [main] org.hibernate.dialect.Dialect            : HHH000400: Using dialect: org.hibernate.dialect.MySQL5Dialect
2021-06-16 09:11:41.260  INFO 32393 --- [main] j.LocalContainerEntityManagerFactoryBean : Initialized JPA EntityManagerFactory for persistence unit 'default'
2021-06-16 09:11:43.395  INFO 32393 --- [main] o.s.c.support.DefaultLifecycleProcessor  : Starting beans in phase 2147483647
2021-06-16 09:11:43.433  INFO 32393 --- [main] d.i.w.m.service.MerchantsServTest        : Started MerchantsServTest in 9.283 seconds (JVM running for 10.995)
2021-06-16 09:11:43.525  INFO 32393 --- [main] o.h.h.i.QueryTranslatorFactoryInitiator  : HHH000397: Using ASTQueryTranslatorFactory
2021-06-16 09:11:43.990  INFO 32393 --- [Thread-3] s.c.a.AnnotationConfigApplicationContext : Closing org.springframework.context.annotation.AnnotationConfigApplicationContext@67f639d3: startup date [Wed Jun 16 09:11:35 EDT 2021]; root of context hierarchy
2021-06-16 09:11:44.007  INFO 32393 --- [Thread-3] o.s.c.support.DefaultLifecycleProcessor  : Stopping beans in phase 2147483647
2021-06-16 09:11:44.008  INFO 32393 --- [Thread-3] o.s.c.support.DefaultLifecycleProcessor  : Stopping beans in phase 0
2021-06-16 09:11:44.013  INFO 32393 --- [Thread-3] j.LocalContainerEntityManagerFactoryBean : Closing JPA EntityManagerFactory for persistence unit 'default'
2021-06-16 09:15:37.038  INFO 32420 --- [main] d.i.w.m.service.MerchantsServTest        : Starting MerchantsServTest on Xiaochuangs-Air with PID 32420 (started by xiaochuangzhao in /Users/xiaochuangzhao/Documents/Github/Projects/wallet-app-distributed-backend/merchants)
2021-06-16 09:15:37.040  INFO 32420 --- [main] d.i.w.m.service.MerchantsServTest        : No active profile set, falling back to default profiles: default
2021-06-16 09:15:37.077  INFO 32420 --- [main] s.c.a.AnnotationConfigApplicationContext : Refreshing org.springframework.context.annotation.AnnotationConfigApplicationContext@67f639d3: startup date [Wed Jun 16 09:15:37 EDT 2021]; root of context hierarchy
2021-06-16 09:15:39.199  INFO 32420 --- [main] trationDelegate$BeanPostProcessorChecker : Bean 'org.springframework.kafka.annotation.KafkaBootstrapConfiguration' of type [org.springframework.kafka.annotation.KafkaBootstrapConfiguration$$EnhancerBySpringCGLIB$$89768208] is not eligible for getting processed by all BeanPostProcessors (for example: not eligible for auto-proxying)
2021-06-16 09:15:41.023  INFO 32420 --- [main] j.LocalContainerEntityManagerFactoryBean : Building JPA container EntityManagerFactory for persistence unit 'default'
2021-06-16 09:15:41.039  INFO 32420 --- [main] o.hibernate.jpa.internal.util.LogHelper  : HHH000204: Processing PersistenceUnitInfo [
	name: default
	...]
2021-06-16 09:15:41.099  INFO 32420 --- [main] org.hibernate.Version                    : HHH000412: Hibernate Core {5.0.12.Final}
2021-06-16 09:15:41.101  INFO 32420 --- [main] org.hibernate.cfg.Environment            : HHH000206: hibernate.properties not found
2021-06-16 09:15:41.103  INFO 32420 --- [main] org.hibernate.cfg.Environment            : HHH000021: Bytecode provider name : javassist
2021-06-16 09:15:41.301  INFO 32420 --- [main] o.hibernate.annotations.common.Version   : HCANN000001: Hibernate Commons Annotations {5.0.1.Final}
2021-06-16 09:15:41.590  INFO 32420 --- [main] org.hibernate.dialect.Dialect            : HHH000400: Using dialect: org.hibernate.dialect.MySQL5Dialect
2021-06-16 09:15:42.221  INFO 32420 --- [main] j.LocalContainerEntityManagerFactoryBean : Initialized JPA EntityManagerFactory for persistence unit 'default'
2021-06-16 09:15:43.495  INFO 32420 --- [main] o.s.c.support.DefaultLifecycleProcessor  : Starting beans in phase 2147483647
2021-06-16 09:15:43.512  INFO 32420 --- [main] d.i.w.m.service.MerchantsServTest        : Started MerchantsServTest in 7.194 seconds (JVM running for 8.465)
2021-06-16 09:15:43.589  INFO 32420 --- [main] o.h.h.i.QueryTranslatorFactoryInitiator  : HHH000397: Using ASTQueryTranslatorFactory
2021-06-16 09:15:43.931  INFO 32420 --- [Thread-3] s.c.a.AnnotationConfigApplicationContext : Closing org.springframework.context.annotation.AnnotationConfigApplicationContext@67f639d3: startup date [Wed Jun 16 09:15:37 EDT 2021]; root of context hierarchy
2021-06-16 09:15:43.954  INFO 32420 --- [Thread-3] o.s.c.support.DefaultLifecycleProcessor  : Stopping beans in phase 2147483647
2021-06-16 09:15:43.956  INFO 32420 --- [Thread-3] o.s.c.support.DefaultLifecycleProcessor  : Stopping beans in phase 0
2021-06-16 09:15:43.960  INFO 32420 --- [Thread-3] j.LocalContainerEntityManagerFactoryBean : Closing JPA EntityManagerFactory for persistence unit 'default'
2021-06-16 09:17:42.339  INFO 32429 --- [main] d.i.w.m.service.MerchantsServTest        : Starting MerchantsServTest on Xiaochuangs-Air with PID 32429 (started by xiaochuangzhao in /Users/xiaochuangzhao/Documents/Github/Projects/wallet-app-distributed-backend/merchants)
2021-06-16 09:17:42.343  INFO 32429 --- [main] d.i.w.m.service.MerchantsServTest        : No active profile set, falling back to default profiles: default
2021-06-16 09:17:42.409  INFO 32429 --- [main] s.c.a.AnnotationConfigApplicationContext : Refreshing org.springframework.context.annotation.AnnotationConfigApplicationContext@67f639d3: startup date [Wed Jun 16 09:17:42 EDT 2021]; root of context hierarchy
2021-06-16 09:17:45.102  INFO 32429 --- [main] trationDelegate$BeanPostProcessorChecker : Bean 'org.springframework.kafka.annotation.KafkaBootstrapConfiguration' of type [org.springframework.kafka.annotation.KafkaBootstrapConfiguration$$EnhancerBySpringCGLIB$$425ab28a] is not eligible for getting processed by all BeanPostProcessors (for example: not eligible for auto-proxying)
2021-06-16 09:17:46.589  INFO 32429 --- [main] j.LocalContainerEntityManagerFactoryBean : Building JPA container EntityManagerFactory for persistence unit 'default'
2021-06-16 09:17:46.605  INFO 32429 --- [main] o.hibernate.jpa.internal.util.LogHelper  : HHH000204: Processing PersistenceUnitInfo [
	name: default
	...]
2021-06-16 09:17:46.686  INFO 32429 --- [main] org.hibernate.Version                    : HHH000412: Hibernate Core {5.0.12.Final}
2021-06-16 09:17:46.688  INFO 32429 --- [main] org.hibernate.cfg.Environment            : HHH000206: hibernate.properties not found
2021-06-16 09:17:46.691  INFO 32429 --- [main] org.hibernate.cfg.Environment            : HHH000021: Bytecode provider name : javassist
2021-06-16 09:17:46.733  INFO 32429 --- [main] o.hibernate.annotations.common.Version   : HCANN000001: Hibernate Commons Annotations {5.0.1.Final}
2021-06-16 09:17:46.870  INFO 32429 --- [main] org.hibernate.dialect.Dialect            : HHH000400: Using dialect: org.hibernate.dialect.MySQL5Dialect
2021-06-16 09:17:47.557  INFO 32429 --- [main] j.LocalContainerEntityManagerFactoryBean : Initialized JPA EntityManagerFactory for persistence unit 'default'
2021-06-16 09:17:48.873  INFO 32429 --- [main] o.s.c.support.DefaultLifecycleProcessor  : Starting beans in phase 2147483647
2021-06-16 09:17:48.887  INFO 32429 --- [main] d.i.w.m.service.MerchantsServTest        : Started MerchantsServTest in 7.333 seconds (JVM running for 9.095)
2021-06-16 09:17:48.956  INFO 32429 --- [main] o.h.h.i.QueryTranslatorFactoryInitiator  : HHH000397: Using ASTQueryTranslatorFactory
2021-06-16 09:17:49.475  INFO 32429 --- [Thread-3] s.c.a.AnnotationConfigApplicationContext : Closing org.springframework.context.annotation.AnnotationConfigApplicationContext@67f639d3: startup date [Wed Jun 16 09:17:42 EDT 2021]; root of context hierarchy
2021-06-16 09:17:49.513  INFO 32429 --- [Thread-3] o.s.c.support.DefaultLifecycleProcessor  : Stopping beans in phase 2147483647
2021-06-16 09:17:49.516  INFO 32429 --- [Thread-3] o.s.c.support.DefaultLifecycleProcessor  : Stopping beans in phase 0
2021-06-16 09:17:49.522  INFO 32429 --- [Thread-3] j.LocalContainerEntityManagerFactoryBean : Closing JPA EntityManagerFactory for persistence unit 'default'
2021-06-16 09:22:42.866  INFO 32460 --- [main] d.i.w.m.service.MerchantsServTest        : Starting MerchantsServTest on Xiaochuangs-Air with PID 32460 (started by xiaochuangzhao in /Users/xiaochuangzhao/Documents/Github/Projects/wallet-app-distributed-backend/merchants)
2021-06-16 09:22:42.871  INFO 32460 --- [main] d.i.w.m.service.MerchantsServTest        : No active profile set, falling back to default profiles: default
2021-06-16 09:22:42.937  INFO 32460 --- [main] s.c.a.AnnotationConfigApplicationContext : Refreshing org.springframework.context.annotation.AnnotationConfigApplicationContext@61001b64: startup date [Wed Jun 16 09:22:42 EDT 2021]; root of context hierarchy
2021-06-16 09:22:45.438  INFO 32460 --- [main] trationDelegate$BeanPostProcessorChecker : Bean 'org.springframework.kafka.annotation.KafkaBootstrapConfiguration' of type [org.springframework.kafka.annotation.KafkaBootstrapConfiguration$$EnhancerBySpringCGLIB$$11613e14] is not eligible for getting processed by all BeanPostProcessors (for example: not eligible for auto-proxying)
2021-06-16 09:22:46.686  INFO 32460 --- [main] j.LocalContainerEntityManagerFactoryBean : Building JPA container EntityManagerFactory for persistence unit 'default'
2021-06-16 09:22:46.701  INFO 32460 --- [main] o.hibernate.jpa.internal.util.LogHelper  : HHH000204: Processing PersistenceUnitInfo [
	name: default
	...]
2021-06-16 09:22:46.759  INFO 32460 --- [main] org.hibernate.Version                    : HHH000412: Hibernate Core {5.0.12.Final}
2021-06-16 09:22:46.761  INFO 32460 --- [main] org.hibernate.cfg.Environment            : HHH000206: hibernate.properties not found
2021-06-16 09:22:46.763  INFO 32460 --- [main] org.hibernate.cfg.Environment            : HHH000021: Bytecode provider name : javassist
2021-06-16 09:22:46.798  INFO 32460 --- [main] o.hibernate.annotations.common.Version   : HCANN000001: Hibernate Commons Annotations {5.0.1.Final}
2021-06-16 09:22:46.887  INFO 32460 --- [main] org.hibernate.dialect.Dialect            : HHH000400: Using dialect: org.hibernate.dialect.MySQL5Dialect
2021-06-16 09:22:47.533  INFO 32460 --- [main] j.LocalContainerEntityManagerFactoryBean : Initialized JPA EntityManagerFactory for persistence unit 'default'
2021-06-16 09:22:48.784  INFO 32460 --- [main] o.s.c.support.DefaultLifecycleProcessor  : Starting beans in phase 2147483647
2021-06-16 09:22:48.818  INFO 32460 --- [main] d.i.w.m.service.MerchantsServTest        : Started MerchantsServTest in 6.828 seconds (JVM running for 8.556)
2021-06-16 09:22:49.071  INFO 32460 --- [main] o.s.t.c.transaction.TransactionContext   : Began transaction (1) for test context [DefaultTestContext@71d15f18 testClass = MerchantsServTest, testInstance = dev.ivyzhao.wallet.merchants.service.MerchantsServTest@58a90037, testMethod = testCreateMerchantServ@MerchantsServTest, testException = [null], mergedContextConfiguration = [MergedContextConfiguration@17695df3 testClass = MerchantsServTest, locations = '{}', classes = '{class dev.ivyzhao.wallet.merchants.MerchantsApplication}', contextInitializerClasses = '[]', activeProfiles = '{}', propertySourceLocations = '{}', propertySourceProperties = '{org.springframework.boot.test.context.SpringBootTestContextBootstrapper=true}', contextCustomizers = set[org.springframework.boot.test.context.SpringBootTestContextCustomizer@14bf9759, org.springframework.boot.test.context.filter.ExcludeFilterContextCustomizer@4f7d0008, org.springframework.boot.test.mock.mockito.MockitoContextCustomizer@0, org.springframework.boot.test.autoconfigure.properties.PropertyMappingContextCustomizer@0, org.springframework.boot.test.autoconfigure.web.servlet.WebDriverContextCustomizerFactory$Customizer@49993335], contextLoader = 'org.springframework.boot.test.context.SpringBootContextLoader', parent = [null]]]; transaction manager [org.springframework.orm.jpa.JpaTransactionManager@6a15b73]; rollback [true]
2021-06-16 09:22:49.142  INFO 32460 --- [main] o.h.h.i.QueryTranslatorFactoryInitiator  : HHH000397: Using ASTQueryTranslatorFactory
2021-06-16 09:22:49.445  INFO 32460 --- [main] o.s.t.c.transaction.TransactionContext   : Rolled back transaction for test context [DefaultTestContext@71d15f18 testClass = MerchantsServTest, testInstance = dev.ivyzhao.wallet.merchants.service.MerchantsServTest@58a90037, testMethod = testCreateMerchantServ@MerchantsServTest, testException = [null], mergedContextConfiguration = [MergedContextConfiguration@17695df3 testClass = MerchantsServTest, locations = '{}', classes = '{class dev.ivyzhao.wallet.merchants.MerchantsApplication}', contextInitializerClasses = '[]', activeProfiles = '{}', propertySourceLocations = '{}', propertySourceProperties = '{org.springframework.boot.test.context.SpringBootTestContextBootstrapper=true}', contextCustomizers = set[org.springframework.boot.test.context.SpringBootTestContextCustomizer@14bf9759, org.springframework.boot.test.context.filter.ExcludeFilterContextCustomizer@4f7d0008, org.springframework.boot.test.mock.mockito.MockitoContextCustomizer@0, org.springframework.boot.test.autoconfigure.properties.PropertyMappingContextCustomizer@0, org.springframework.boot.test.autoconfigure.web.servlet.WebDriverContextCustomizerFactory$Customizer@49993335], contextLoader = 'org.springframework.boot.test.context.SpringBootContextLoader', parent = [null]]].
2021-06-16 09:22:49.451  INFO 32460 --- [Thread-3] s.c.a.AnnotationConfigApplicationContext : Closing org.springframework.context.annotation.AnnotationConfigApplicationContext@61001b64: startup date [Wed Jun 16 09:22:42 EDT 2021]; root of context hierarchy
2021-06-16 09:22:49.467  INFO 32460 --- [Thread-3] o.s.c.support.DefaultLifecycleProcessor  : Stopping beans in phase 2147483647
2021-06-16 09:22:49.469  INFO 32460 --- [Thread-3] o.s.c.support.DefaultLifecycleProcessor  : Stopping beans in phase 0
2021-06-16 09:22:49.472  INFO 32460 --- [Thread-3] j.LocalContainerEntityManagerFactoryBean : Closing JPA EntityManagerFactory for persistence unit 'default'
2021-06-16 09:40:30.454  INFO 32530 --- [main] d.i.w.m.service.MerchantsServTest        : Starting MerchantsServTest on Xiaochuangs-Air with PID 32530 (started by xiaochuangzhao in /Users/xiaochuangzhao/Documents/Github/Projects/wallet-app-distributed-backend/merchants)
2021-06-16 09:40:30.462  INFO 32530 --- [main] d.i.w.m.service.MerchantsServTest        : No active profile set, falling back to default profiles: default
2021-06-16 09:40:30.529  INFO 32530 --- [main] s.c.a.AnnotationConfigApplicationContext : Refreshing org.springframework.context.annotation.AnnotationConfigApplicationContext@67f639d3: startup date [Wed Jun 16 09:40:30 EDT 2021]; root of context hierarchy
2021-06-16 09:40:33.028  INFO 32530 --- [main] trationDelegate$BeanPostProcessorChecker : Bean 'org.springframework.kafka.annotation.KafkaBootstrapConfiguration' of type [org.springframework.kafka.annotation.KafkaBootstrapConfiguration$$EnhancerBySpringCGLIB$$9acff369] is not eligible for getting processed by all BeanPostProcessors (for example: not eligible for auto-proxying)
2021-06-16 09:40:34.265  INFO 32530 --- [main] j.LocalContainerEntityManagerFactoryBean : Building JPA container EntityManagerFactory for persistence unit 'default'
2021-06-16 09:40:34.278  INFO 32530 --- [main] o.hibernate.jpa.internal.util.LogHelper  : HHH000204: Processing PersistenceUnitInfo [
	name: default
	...]
2021-06-16 09:40:34.339  INFO 32530 --- [main] org.hibernate.Version                    : HHH000412: Hibernate Core {5.0.12.Final}
2021-06-16 09:40:34.340  INFO 32530 --- [main] org.hibernate.cfg.Environment            : HHH000206: hibernate.properties not found
2021-06-16 09:40:34.342  INFO 32530 --- [main] org.hibernate.cfg.Environment            : HHH000021: Bytecode provider name : javassist
2021-06-16 09:40:34.379  INFO 32530 --- [main] o.hibernate.annotations.common.Version   : HCANN000001: Hibernate Commons Annotations {5.0.1.Final}
2021-06-16 09:40:34.468  INFO 32530 --- [main] org.hibernate.dialect.Dialect            : HHH000400: Using dialect: org.hibernate.dialect.MySQL5Dialect
2021-06-16 09:40:35.093  INFO 32530 --- [main] j.LocalContainerEntityManagerFactoryBean : Initialized JPA EntityManagerFactory for persistence unit 'default'
2021-06-16 09:40:36.329  INFO 32530 --- [main] o.s.c.support.DefaultLifecycleProcessor  : Starting beans in phase 2147483647
2021-06-16 09:40:36.363  INFO 32530 --- [main] d.i.w.m.service.MerchantsServTest        : Started MerchantsServTest in 6.896 seconds (JVM running for 8.191)
2021-06-16 09:40:36.507  INFO 32530 --- [main] o.h.h.i.QueryTranslatorFactoryInitiator  : HHH000397: Using ASTQueryTranslatorFactory
2021-06-16 09:40:36.897  INFO 32530 --- [Thread-3] s.c.a.AnnotationConfigApplicationContext : Closing org.springframework.context.annotation.AnnotationConfigApplicationContext@67f639d3: startup date [Wed Jun 16 09:40:30 EDT 2021]; root of context hierarchy
2021-06-16 09:40:36.908  INFO 32530 --- [Thread-3] o.s.c.support.DefaultLifecycleProcessor  : Stopping beans in phase 2147483647
2021-06-16 09:40:36.909  INFO 32530 --- [Thread-3] o.s.c.support.DefaultLifecycleProcessor  : Stopping beans in phase 0
2021-06-16 09:40:36.911  INFO 32530 --- [Thread-3] j.LocalContainerEntityManagerFactoryBean : Closing JPA EntityManagerFactory for persistence unit 'default'
2021-06-16 09:41:06.464  INFO 32537 --- [main] d.i.w.m.service.MerchantsServTest        : Starting MerchantsServTest on Xiaochuangs-Air with PID 32537 (started by xiaochuangzhao in /Users/xiaochuangzhao/Documents/Github/Projects/wallet-app-distributed-backend/merchants)
2021-06-16 09:41:06.467  INFO 32537 --- [main] d.i.w.m.service.MerchantsServTest        : No active profile set, falling back to default profiles: default
2021-06-16 09:41:06.514  INFO 32537 --- [main] s.c.a.AnnotationConfigApplicationContext : Refreshing org.springframework.context.annotation.AnnotationConfigApplicationContext@6253c26: startup date [Wed Jun 16 09:41:06 EDT 2021]; root of context hierarchy
2021-06-16 09:41:08.792  INFO 32537 --- [main] trationDelegate$BeanPostProcessorChecker : Bean 'org.springframework.kafka.annotation.KafkaBootstrapConfiguration' of type [org.springframework.kafka.annotation.KafkaBootstrapConfiguration$$EnhancerBySpringCGLIB$$8ec90e76] is not eligible for getting processed by all BeanPostProcessors (for example: not eligible for auto-proxying)
2021-06-16 09:41:10.027  INFO 32537 --- [main] j.LocalContainerEntityManagerFactoryBean : Building JPA container EntityManagerFactory for persistence unit 'default'
2021-06-16 09:41:10.041  INFO 32537 --- [main] o.hibernate.jpa.internal.util.LogHelper  : HHH000204: Processing PersistenceUnitInfo [
	name: default
	...]
2021-06-16 09:41:10.101  INFO 32537 --- [main] org.hibernate.Version                    : HHH000412: Hibernate Core {5.0.12.Final}
2021-06-16 09:41:10.103  INFO 32537 --- [main] org.hibernate.cfg.Environment            : HHH000206: hibernate.properties not found
2021-06-16 09:41:10.105  INFO 32537 --- [main] org.hibernate.cfg.Environment            : HHH000021: Bytecode provider name : javassist
2021-06-16 09:41:10.139  INFO 32537 --- [main] o.hibernate.annotations.common.Version   : HCANN000001: Hibernate Commons Annotations {5.0.1.Final}
2021-06-16 09:41:10.227  INFO 32537 --- [main] org.hibernate.dialect.Dialect            : HHH000400: Using dialect: org.hibernate.dialect.MySQL5Dialect
2021-06-16 09:41:10.845  INFO 32537 --- [main] j.LocalContainerEntityManagerFactoryBean : Initialized JPA EntityManagerFactory for persistence unit 'default'
2021-06-16 09:41:12.138  INFO 32537 --- [main] o.s.c.support.DefaultLifecycleProcessor  : Starting beans in phase 2147483647
2021-06-16 09:41:12.168  INFO 32537 --- [main] d.i.w.m.service.MerchantsServTest        : Started MerchantsServTest in 6.533 seconds (JVM running for 8.055)
2021-06-16 09:41:12.291  INFO 32537 --- [main] o.h.h.i.QueryTranslatorFactoryInitiator  : HHH000397: Using ASTQueryTranslatorFactory
2021-06-16 09:41:12.585  INFO 32537 --- [Thread-3] s.c.a.AnnotationConfigApplicationContext : Closing org.springframework.context.annotation.AnnotationConfigApplicationContext@6253c26: startup date [Wed Jun 16 09:41:06 EDT 2021]; root of context hierarchy
2021-06-16 09:41:12.594  INFO 32537 --- [Thread-3] o.s.c.support.DefaultLifecycleProcessor  : Stopping beans in phase 2147483647
2021-06-16 09:41:12.595  INFO 32537 --- [Thread-3] o.s.c.support.DefaultLifecycleProcessor  : Stopping beans in phase 0
2021-06-16 09:41:12.599  INFO 32537 --- [Thread-3] j.LocalContainerEntityManagerFactoryBean : Closing JPA EntityManagerFactory for persistence unit 'default'
2021-06-16 10:12:08.169  INFO 33976 --- [main] d.i.w.m.service.MerchantsServTest        : Starting MerchantsServTest on Xiaochuangs-Air with PID 33976 (started by xiaochuangzhao in /Users/xiaochuangzhao/Documents/Github/Projects/wallet-app-distributed-backend/merchants)
2021-06-16 10:12:08.171  INFO 33976 --- [main] d.i.w.m.service.MerchantsServTest        : No active profile set, falling back to default profiles: default
2021-06-16 10:12:08.201  INFO 33976 --- [main] s.c.a.AnnotationConfigApplicationContext : Refreshing org.springframework.context.annotation.AnnotationConfigApplicationContext@49049a04: startup date [Wed Jun 16 10:12:08 EDT 2021]; root of context hierarchy
2021-06-16 10:12:10.304  INFO 33976 --- [main] trationDelegate$BeanPostProcessorChecker : Bean 'org.springframework.kafka.annotation.KafkaBootstrapConfiguration' of type [org.springframework.kafka.annotation.KafkaBootstrapConfiguration$$EnhancerBySpringCGLIB$$d2b05fa9] is not eligible for getting processed by all BeanPostProcessors (for example: not eligible for auto-proxying)
2021-06-16 10:12:11.645  INFO 33976 --- [main] j.LocalContainerEntityManagerFactoryBean : Building JPA container EntityManagerFactory for persistence unit 'default'
2021-06-16 10:12:11.658  INFO 33976 --- [main] o.hibernate.jpa.internal.util.LogHelper  : HHH000204: Processing PersistenceUnitInfo [
	name: default
	...]
2021-06-16 10:12:11.714  INFO 33976 --- [main] org.hibernate.Version                    : HHH000412: Hibernate Core {5.0.12.Final}
2021-06-16 10:12:11.716  INFO 33976 --- [main] org.hibernate.cfg.Environment            : HHH000206: hibernate.properties not found
2021-06-16 10:12:11.718  INFO 33976 --- [main] org.hibernate.cfg.Environment            : HHH000021: Bytecode provider name : javassist
2021-06-16 10:12:11.751  INFO 33976 --- [main] o.hibernate.annotations.common.Version   : HCANN000001: Hibernate Commons Annotations {5.0.1.Final}
2021-06-16 10:12:11.841  INFO 33976 --- [main] org.hibernate.dialect.Dialect            : HHH000400: Using dialect: org.hibernate.dialect.MySQL5Dialect
2021-06-16 10:12:12.444  INFO 33976 --- [main] j.LocalContainerEntityManagerFactoryBean : Initialized JPA EntityManagerFactory for persistence unit 'default'
2021-06-16 10:12:13.917  INFO 33976 --- [main] o.s.c.support.DefaultLifecycleProcessor  : Starting beans in phase 2147483647
2021-06-16 10:12:13.934  INFO 33976 --- [main] d.i.w.m.service.MerchantsServTest        : Started MerchantsServTest in 6.582 seconds (JVM running for 8.37)
2021-06-16 10:12:14.004  INFO 33976 --- [main] o.h.h.i.QueryTranslatorFactoryInitiator  : HHH000397: Using ASTQueryTranslatorFactory
2021-06-16 10:12:14.318  INFO 33976 --- [main] o.a.k.clients.producer.ProducerConfig    : ProducerConfig values: 
	metric.reporters = []
	metadata.max.age.ms = 300000
	reconnect.backoff.ms = 50
	sasl.kerberos.ticket.renew.window.factor = 0.8
	bootstrap.servers = [localhost:9092]
	ssl.keystore.type = JKS
	sasl.mechanism = GSSAPI
	max.block.ms = 60000
	interceptor.classes = null
	ssl.truststore.password = null
	client.id = 
	ssl.endpoint.identification.algorithm = null
	request.timeout.ms = 30000
	acks = 1
	receive.buffer.bytes = 32768
	ssl.truststore.type = JKS
	retries = 0
	ssl.truststore.location = null
	ssl.keystore.password = null
	send.buffer.bytes = 131072
	compression.type = none
	metadata.fetch.timeout.ms = 60000
	retry.backoff.ms = 100
	sasl.kerberos.kinit.cmd = /usr/bin/kinit
	buffer.memory = 33554432
	timeout.ms = 30000
	key.serializer = class org.apache.kafka.common.serialization.StringSerializer
	sasl.kerberos.service.name = null
	sasl.kerberos.ticket.renew.jitter = 0.05
	ssl.trustmanager.algorithm = PKIX
	block.on.buffer.full = false
	ssl.key.password = null
	sasl.kerberos.min.time.before.relogin = 60000
	connections.max.idle.ms = 540000
	max.in.flight.requests.per.connection = 5
	metrics.num.samples = 2
	ssl.protocol = TLS
	ssl.provider = null
	ssl.enabled.protocols = [TLSv1.2, TLSv1.1, TLSv1]
	batch.size = 16384
	ssl.keystore.location = null
	ssl.cipher.suites = null
	security.protocol = PLAINTEXT
	max.request.size = 1048576
	value.serializer = class org.apache.kafka.common.serialization.StringSerializer
	ssl.keymanager.algorithm = SunX509
	metrics.sample.window.ms = 30000
	partitioner.class = class org.apache.kafka.clients.producer.internals.DefaultPartitioner
	linger.ms = 0

2021-06-16 10:12:14.354  INFO 33976 --- [main] o.a.k.clients.producer.ProducerConfig    : ProducerConfig values: 
	metric.reporters = []
	metadata.max.age.ms = 300000
	reconnect.backoff.ms = 50
	sasl.kerberos.ticket.renew.window.factor = 0.8
	bootstrap.servers = [localhost:9092]
	ssl.keystore.type = JKS
	sasl.mechanism = GSSAPI
	max.block.ms = 60000
	interceptor.classes = null
	ssl.truststore.password = null
	client.id = producer-1
	ssl.endpoint.identification.algorithm = null
	request.timeout.ms = 30000
	acks = 1
	receive.buffer.bytes = 32768
	ssl.truststore.type = JKS
	retries = 0
	ssl.truststore.location = null
	ssl.keystore.password = null
	send.buffer.bytes = 131072
	compression.type = none
	metadata.fetch.timeout.ms = 60000
	retry.backoff.ms = 100
	sasl.kerberos.kinit.cmd = /usr/bin/kinit
	buffer.memory = 33554432
	timeout.ms = 30000
	key.serializer = class org.apache.kafka.common.serialization.StringSerializer
	sasl.kerberos.service.name = null
	sasl.kerberos.ticket.renew.jitter = 0.05
	ssl.trustmanager.algorithm = PKIX
	block.on.buffer.full = false
	ssl.key.password = null
	sasl.kerberos.min.time.before.relogin = 60000
	connections.max.idle.ms = 540000
	max.in.flight.requests.per.connection = 5
	metrics.num.samples = 2
	ssl.protocol = TLS
	ssl.provider = null
	ssl.enabled.protocols = [TLSv1.2, TLSv1.1, TLSv1]
	batch.size = 16384
	ssl.keystore.location = null
	ssl.cipher.suites = null
	security.protocol = PLAINTEXT
	max.request.size = 1048576
	value.serializer = class org.apache.kafka.common.serialization.StringSerializer
	ssl.keymanager.algorithm = SunX509
	metrics.sample.window.ms = 30000
	partitioner.class = class org.apache.kafka.clients.producer.internals.DefaultPartitioner
	linger.ms = 0

2021-06-16 10:12:14.369  INFO 33976 --- [main] o.a.kafka.common.utils.AppInfoParser     : Kafka version : 0.10.0.1
2021-06-16 10:12:14.369  INFO 33976 --- [main] o.a.kafka.common.utils.AppInfoParser     : Kafka commitId : a7a17cdec9eaa6c5
2021-06-16 10:12:44.536  WARN 33976 --- [kafka-producer-network-thread | producer-1] org.apache.kafka.clients.NetworkClient   : Bootstrap broker localhost:9092 disconnected
2021-06-16 10:13:14.424 ERROR 33976 --- [main] o.s.k.support.LoggingProducerListener    : Exception thrown when sending a message with key='merchants-template' and payload='{"background":2,"desc":"descriotion: ivy dev","end":1624716733986,"hasToken":false,"id":19,"limit":1...' to topic merchants-template:

org.apache.kafka.common.errors.TimeoutException: Failed to update metadata after 60000 ms.

2021-06-16 10:13:14.432  INFO 33976 --- [main] d.i.w.m.service.impl.MerchantsServImpl   : DropPassTemplates: {"background":2,"desc":"descriotion: ivy dev","end":1624716733986,"hasToken":false,"id":19,"limit":10000,"start":1623852733986,"summary":"summary: ivy dev","title":"title: ivy"}
2021-06-16 10:13:14.485  INFO 33976 --- [Thread-3] s.c.a.AnnotationConfigApplicationContext : Closing org.springframework.context.annotation.AnnotationConfigApplicationContext@49049a04: startup date [Wed Jun 16 10:12:08 EDT 2021]; root of context hierarchy
2021-06-16 10:13:14.503  INFO 33976 --- [Thread-3] o.s.c.support.DefaultLifecycleProcessor  : Stopping beans in phase 2147483647
2021-06-16 10:13:14.508  INFO 33976 --- [Thread-3] o.s.c.support.DefaultLifecycleProcessor  : Stopping beans in phase 0
2021-06-16 10:13:14.510  INFO 33976 --- [Thread-3] o.a.k.clients.producer.KafkaProducer     : Closing the Kafka producer with timeoutMillis = 9223372036854775807 ms.
2021-06-16 10:13:44.517  WARN 33976 --- [kafka-producer-network-thread | producer-1] org.apache.kafka.clients.NetworkClient   : Bootstrap broker localhost:9092 disconnected
2021-06-16 10:13:44.544  INFO 33976 --- [Thread-3] j.LocalContainerEntityManagerFactoryBean : Closing JPA EntityManagerFactory for persistence unit 'default'
2021-06-16 10:33:51.416  INFO 35501 --- [main] d.i.w.m.service.MerchantsServTest        : Starting MerchantsServTest on Xiaochuangs-Air with PID 35501 (started by xiaochuangzhao in /Users/xiaochuangzhao/Documents/Github/Projects/wallet-app-distributed-backend/merchants)
2021-06-16 10:33:51.418  INFO 35501 --- [main] d.i.w.m.service.MerchantsServTest        : No active profile set, falling back to default profiles: default
2021-06-16 10:33:51.453  INFO 35501 --- [main] s.c.a.AnnotationConfigApplicationContext : Refreshing org.springframework.context.annotation.AnnotationConfigApplicationContext@49049a04: startup date [Wed Jun 16 10:33:51 EDT 2021]; root of context hierarchy
2021-06-16 10:33:53.817  INFO 35501 --- [main] trationDelegate$BeanPostProcessorChecker : Bean 'org.springframework.kafka.annotation.KafkaBootstrapConfiguration' of type [org.springframework.kafka.annotation.KafkaBootstrapConfiguration$$EnhancerBySpringCGLIB$$79ac99fd] is not eligible for getting processed by all BeanPostProcessors (for example: not eligible for auto-proxying)
2021-06-16 10:33:55.199  INFO 35501 --- [main] j.LocalContainerEntityManagerFactoryBean : Building JPA container EntityManagerFactory for persistence unit 'default'
2021-06-16 10:33:55.215  INFO 35501 --- [main] o.hibernate.jpa.internal.util.LogHelper  : HHH000204: Processing PersistenceUnitInfo [
	name: default
	...]
2021-06-16 10:33:55.283  INFO 35501 --- [main] org.hibernate.Version                    : HHH000412: Hibernate Core {5.0.12.Final}
2021-06-16 10:33:55.285  INFO 35501 --- [main] org.hibernate.cfg.Environment            : HHH000206: hibernate.properties not found
2021-06-16 10:33:55.287  INFO 35501 --- [main] org.hibernate.cfg.Environment            : HHH000021: Bytecode provider name : javassist
2021-06-16 10:33:55.329  INFO 35501 --- [main] o.hibernate.annotations.common.Version   : HCANN000001: Hibernate Commons Annotations {5.0.1.Final}
2021-06-16 10:33:55.440  INFO 35501 --- [main] org.hibernate.dialect.Dialect            : HHH000400: Using dialect: org.hibernate.dialect.MySQL5Dialect
2021-06-16 10:33:56.084  INFO 35501 --- [main] j.LocalContainerEntityManagerFactoryBean : Initialized JPA EntityManagerFactory for persistence unit 'default'
2021-06-16 10:33:57.755  INFO 35501 --- [main] o.s.c.support.DefaultLifecycleProcessor  : Starting beans in phase 2147483647
2021-06-16 10:33:57.781  INFO 35501 --- [main] d.i.w.m.service.MerchantsServTest        : Started MerchantsServTest in 7.077 seconds (JVM running for 8.57)
2021-06-16 10:33:57.950  INFO 35501 --- [main] o.h.h.i.QueryTranslatorFactoryInitiator  : HHH000397: Using ASTQueryTranslatorFactory
2021-06-16 10:33:58.401  INFO 35501 --- [main] o.a.k.clients.producer.ProducerConfig    : ProducerConfig values: 
	metric.reporters = []
	metadata.max.age.ms = 300000
	reconnect.backoff.ms = 50
	sasl.kerberos.ticket.renew.window.factor = 0.8
	bootstrap.servers = [localhost:9092]
	ssl.keystore.type = JKS
	sasl.mechanism = GSSAPI
	max.block.ms = 60000
	interceptor.classes = null
	ssl.truststore.password = null
	client.id = 
	ssl.endpoint.identification.algorithm = null
	request.timeout.ms = 30000
	acks = 1
	receive.buffer.bytes = 32768
	ssl.truststore.type = JKS
	retries = 0
	ssl.truststore.location = null
	ssl.keystore.password = null
	send.buffer.bytes = 131072
	compression.type = none
	metadata.fetch.timeout.ms = 60000
	retry.backoff.ms = 100
	sasl.kerberos.kinit.cmd = /usr/bin/kinit
	buffer.memory = 33554432
	timeout.ms = 30000
	key.serializer = class org.apache.kafka.common.serialization.StringSerializer
	sasl.kerberos.service.name = null
	sasl.kerberos.ticket.renew.jitter = 0.05
	ssl.trustmanager.algorithm = PKIX
	block.on.buffer.full = false
	ssl.key.password = null
	sasl.kerberos.min.time.before.relogin = 60000
	connections.max.idle.ms = 540000
	max.in.flight.requests.per.connection = 5
	metrics.num.samples = 2
	ssl.protocol = TLS
	ssl.provider = null
	ssl.enabled.protocols = [TLSv1.2, TLSv1.1, TLSv1]
	batch.size = 16384
	ssl.keystore.location = null
	ssl.cipher.suites = null
	security.protocol = PLAINTEXT
	max.request.size = 1048576
	value.serializer = class org.apache.kafka.common.serialization.StringSerializer
	ssl.keymanager.algorithm = SunX509
	metrics.sample.window.ms = 30000
	partitioner.class = class org.apache.kafka.clients.producer.internals.DefaultPartitioner
	linger.ms = 0

2021-06-16 10:33:58.446  INFO 35501 --- [main] o.a.k.clients.producer.ProducerConfig    : ProducerConfig values: 
	metric.reporters = []
	metadata.max.age.ms = 300000
	reconnect.backoff.ms = 50
	sasl.kerberos.ticket.renew.window.factor = 0.8
	bootstrap.servers = [localhost:9092]
	ssl.keystore.type = JKS
	sasl.mechanism = GSSAPI
	max.block.ms = 60000
	interceptor.classes = null
	ssl.truststore.password = null
	client.id = producer-1
	ssl.endpoint.identification.algorithm = null
	request.timeout.ms = 30000
	acks = 1
	receive.buffer.bytes = 32768
	ssl.truststore.type = JKS
	retries = 0
	ssl.truststore.location = null
	ssl.keystore.password = null
	send.buffer.bytes = 131072
	compression.type = none
	metadata.fetch.timeout.ms = 60000
	retry.backoff.ms = 100
	sasl.kerberos.kinit.cmd = /usr/bin/kinit
	buffer.memory = 33554432
	timeout.ms = 30000
	key.serializer = class org.apache.kafka.common.serialization.StringSerializer
	sasl.kerberos.service.name = null
	sasl.kerberos.ticket.renew.jitter = 0.05
	ssl.trustmanager.algorithm = PKIX
	block.on.buffer.full = false
	ssl.key.password = null
	sasl.kerberos.min.time.before.relogin = 60000
	connections.max.idle.ms = 540000
	max.in.flight.requests.per.connection = 5
	metrics.num.samples = 2
	ssl.protocol = TLS
	ssl.provider = null
	ssl.enabled.protocols = [TLSv1.2, TLSv1.1, TLSv1]
	batch.size = 16384
	ssl.keystore.location = null
	ssl.cipher.suites = null
	security.protocol = PLAINTEXT
	max.request.size = 1048576
	value.serializer = class org.apache.kafka.common.serialization.StringSerializer
	ssl.keymanager.algorithm = SunX509
	metrics.sample.window.ms = 30000
	partitioner.class = class org.apache.kafka.clients.producer.internals.DefaultPartitioner
	linger.ms = 0

2021-06-16 10:33:58.461  INFO 35501 --- [main] o.a.kafka.common.utils.AppInfoParser     : Kafka version : 0.10.0.1
2021-06-16 10:33:58.462  INFO 35501 --- [main] o.a.kafka.common.utils.AppInfoParser     : Kafka commitId : a7a17cdec9eaa6c5
2021-06-16 10:33:58.705  INFO 35501 --- [main] d.i.w.m.service.impl.MerchantsServImpl   : DropPassTemplates: {"background":2,"desc":"descriotion: ivy dev","end":1624718037899,"hasToken":false,"id":19,"limit":10000,"start":1623854037899,"summary":"summary: ivy dev","title":"title: ivy"}
2021-06-16 10:33:58.745  INFO 35501 --- [Thread-3] s.c.a.AnnotationConfigApplicationContext : Closing org.springframework.context.annotation.AnnotationConfigApplicationContext@49049a04: startup date [Wed Jun 16 10:33:51 EDT 2021]; root of context hierarchy
2021-06-16 10:33:58.771  INFO 35501 --- [Thread-3] o.s.c.support.DefaultLifecycleProcessor  : Stopping beans in phase 2147483647
2021-06-16 10:33:58.772  INFO 35501 --- [Thread-3] o.s.c.support.DefaultLifecycleProcessor  : Stopping beans in phase 0
2021-06-16 10:33:58.773  INFO 35501 --- [Thread-3] o.a.k.clients.producer.KafkaProducer     : Closing the Kafka producer with timeoutMillis = 9223372036854775807 ms.
2021-06-16 10:33:58.828  INFO 35501 --- [Thread-3] j.LocalContainerEntityManagerFactoryBean : Closing JPA EntityManagerFactory for persistence unit 'default'
2021-06-16 11:13:46.554  INFO 36296 --- [main] d.i.w.merchants.MerchantsApplication     : Starting MerchantsApplication on Xiaochuangs-Air with PID 36296 (/Users/xiaochuangzhao/Documents/Github/Projects/wallet-app-distributed-backend/merchants/target/classes started by xiaochuangzhao in /Users/xiaochuangzhao/Documents/Github/Projects/wallet-app-distributed-backend/merchants)
2021-06-16 11:13:46.557  INFO 36296 --- [main] d.i.w.merchants.MerchantsApplication     : No active profile set, falling back to default profiles: default
2021-06-16 11:13:46.632  INFO 36296 --- [main] ationConfigEmbeddedWebApplicationContext : Refreshing org.springframework.boot.context.embedded.AnnotationConfigEmbeddedWebApplicationContext@31c88ec8: startup date [Wed Jun 16 11:13:46 EDT 2021]; root of context hierarchy
2021-06-16 11:13:48.515  INFO 36296 --- [main] trationDelegate$BeanPostProcessorChecker : Bean 'org.springframework.kafka.annotation.KafkaBootstrapConfiguration' of type [org.springframework.kafka.annotation.KafkaBootstrapConfiguration$$EnhancerBySpringCGLIB$$3b8cb680] is not eligible for getting processed by all BeanPostProcessors (for example: not eligible for auto-proxying)
2021-06-16 11:13:48.912  INFO 36296 --- [main] s.b.c.e.t.TomcatEmbeddedServletContainer : Tomcat initialized with port(s): 9527 (http)
2021-06-16 11:13:48.929  INFO 36296 --- [main] o.apache.catalina.core.StandardService   : Starting service Tomcat
2021-06-16 11:13:48.930  INFO 36296 --- [main] org.apache.catalina.core.StandardEngine  : Starting Servlet Engine: Apache Tomcat/8.5.14
2021-06-16 11:13:49.020  INFO 36296 --- [localhost-startStop-1] o.a.c.c.C.[Tomcat].[localhost].[/]       : Initializing Spring embedded WebApplicationContext
2021-06-16 11:13:49.020  INFO 36296 --- [localhost-startStop-1] o.s.web.context.ContextLoader            : Root WebApplicationContext: initialization completed in 2393 ms
2021-06-16 11:13:49.158  INFO 36296 --- [localhost-startStop-1] o.s.b.w.servlet.ServletRegistrationBean  : Mapping servlet: 'dispatcherServlet' to [/]
2021-06-16 11:13:49.162  INFO 36296 --- [localhost-startStop-1] o.s.b.w.servlet.FilterRegistrationBean   : Mapping filter: 'characterEncodingFilter' to: [/*]
2021-06-16 11:13:49.162  INFO 36296 --- [localhost-startStop-1] o.s.b.w.servlet.FilterRegistrationBean   : Mapping filter: 'hiddenHttpMethodFilter' to: [/*]
2021-06-16 11:13:49.162  INFO 36296 --- [localhost-startStop-1] o.s.b.w.servlet.FilterRegistrationBean   : Mapping filter: 'httpPutFormContentFilter' to: [/*]
2021-06-16 11:13:49.162  INFO 36296 --- [localhost-startStop-1] o.s.b.w.servlet.FilterRegistrationBean   : Mapping filter: 'requestContextFilter' to: [/*]
2021-06-16 11:13:49.605  INFO 36296 --- [main] j.LocalContainerEntityManagerFactoryBean : Building JPA container EntityManagerFactory for persistence unit 'default'
2021-06-16 11:13:49.613  INFO 36296 --- [main] o.hibernate.jpa.internal.util.LogHelper  : HHH000204: Processing PersistenceUnitInfo [
	name: default
	...]
2021-06-16 11:13:49.658  INFO 36296 --- [main] org.hibernate.Version                    : HHH000412: Hibernate Core {5.0.12.Final}
2021-06-16 11:13:49.660  INFO 36296 --- [main] org.hibernate.cfg.Environment            : HHH000206: hibernate.properties not found
2021-06-16 11:13:49.661  INFO 36296 --- [main] org.hibernate.cfg.Environment            : HHH000021: Bytecode provider name : javassist
2021-06-16 11:13:49.696  INFO 36296 --- [main] o.hibernate.annotations.common.Version   : HCANN000001: Hibernate Commons Annotations {5.0.1.Final}
2021-06-16 11:13:49.765  INFO 36296 --- [main] org.hibernate.dialect.Dialect            : HHH000400: Using dialect: org.hibernate.dialect.MySQL5Dialect
2021-06-16 11:13:50.143  INFO 36296 --- [main] j.LocalContainerEntityManagerFactoryBean : Initialized JPA EntityManagerFactory for persistence unit 'default'
2021-06-16 11:13:50.634  INFO 36296 --- [main] s.w.s.m.m.a.RequestMappingHandlerAdapter : Looking for @ControllerAdvice: org.springframework.boot.context.embedded.AnnotationConfigEmbeddedWebApplicationContext@31c88ec8: startup date [Wed Jun 16 11:13:46 EDT 2021]; root of context hierarchy
2021-06-16 11:13:50.698  INFO 36296 --- [main] s.w.s.m.m.a.RequestMappingHandlerMapping : Mapped "{[/merchants/create],methods=[POST]}" onto public dev.ivyzhao.wallet.merchants.vo.Response dev.ivyzhao.wallet.merchants.controller.MerchantsCtl.createMerchants(dev.ivyzhao.wallet.merchants.vo.CreateMerchantsRequest)
2021-06-16 11:13:50.700  INFO 36296 --- [main] s.w.s.m.m.a.RequestMappingHandlerMapping : Mapped "{[/merchants/{id}],methods=[GET]}" onto public dev.ivyzhao.wallet.merchants.vo.Response dev.ivyzhao.wallet.merchants.controller.MerchantsCtl.buildMerchantsInfo(java.lang.Integer)
2021-06-16 11:13:50.700  INFO 36296 --- [main] s.w.s.m.m.a.RequestMappingHandlerMapping : Mapped "{[/merchants/drop],methods=[POST]}" onto public dev.ivyzhao.wallet.merchants.vo.Response dev.ivyzhao.wallet.merchants.controller.MerchantsCtl.dropPassTemplate(dev.ivyzhao.wallet.merchants.vo.PassTemplate)
2021-06-16 11:13:50.702  INFO 36296 --- [main] s.w.s.m.m.a.RequestMappingHandlerMapping : Mapped "{[/error]}" onto public org.springframework.http.ResponseEntity<java.util.Map<java.lang.String, java.lang.Object>> org.springframework.boot.autoconfigure.web.BasicErrorController.error(javax.servlet.http.HttpServletRequest)
2021-06-16 11:13:50.702  INFO 36296 --- [main] s.w.s.m.m.a.RequestMappingHandlerMapping : Mapped "{[/error],produces=[text/html]}" onto public org.springframework.web.servlet.ModelAndView org.springframework.boot.autoconfigure.web.BasicErrorController.errorHtml(javax.servlet.http.HttpServletRequest,javax.servlet.http.HttpServletResponse)
2021-06-16 11:13:50.733  INFO 36296 --- [main] o.s.w.s.handler.SimpleUrlHandlerMapping  : Mapped URL path [/webjars/**] onto handler of type [class org.springframework.web.servlet.resource.ResourceHttpRequestHandler]
2021-06-16 11:13:50.733  INFO 36296 --- [main] o.s.w.s.handler.SimpleUrlHandlerMapping  : Mapped URL path [/**] onto handler of type [class org.springframework.web.servlet.resource.ResourceHttpRequestHandler]
2021-06-16 11:13:50.761  INFO 36296 --- [main] o.s.w.s.handler.SimpleUrlHandlerMapping  : Mapped URL path [/**/favicon.ico] onto handler of type [class org.springframework.web.servlet.resource.ResourceHttpRequestHandler]
2021-06-16 11:13:50.995  INFO 36296 --- [main] o.s.j.e.a.AnnotationMBeanExporter        : Registering beans for JMX exposure on startup
2021-06-16 11:13:51.008  INFO 36296 --- [main] o.s.c.support.DefaultLifecycleProcessor  : Starting beans in phase 2147483647
2021-06-16 11:13:51.048  INFO 36296 --- [main] s.b.c.e.t.TomcatEmbeddedServletContainer : Tomcat started on port(s): 9527 (http)
2021-06-16 11:13:51.059  INFO 36296 --- [main] d.i.w.merchants.MerchantsApplication     : Started MerchantsApplication in 4.93 seconds (JVM running for 5.651)
2021-06-16 11:21:58.202  INFO 36296 --- [http-nio-9527-exec-1] o.a.c.c.C.[Tomcat].[localhost].[/]       : Initializing Spring FrameworkServlet 'dispatcherServlet'
2021-06-16 11:21:58.204  INFO 36296 --- [http-nio-9527-exec-1] o.s.web.servlet.DispatcherServlet        : FrameworkServlet 'dispatcherServlet': initialization started
2021-06-16 11:21:58.256  INFO 36296 --- [http-nio-9527-exec-1] o.s.web.servlet.DispatcherServlet        : FrameworkServlet 'dispatcherServlet': initialization completed in 51 ms
2021-06-16 11:21:58.297 ERROR 36296 --- [http-nio-9527-exec-1] o.a.c.c.C.[.[.[/].[dispatcherServlet]    : Servlet.service() for servlet [dispatcherServlet] in context with path [] threw exception [Request processing failed; nested exception is java.lang.Exception: Header is missingtoken!] with root cause

java.lang.Exception: Header is missingtoken!
	at dev.ivyzhao.wallet.merchants.security.AuthCheckInterceptor.preHandle(AuthCheckInterceptor.java:23) ~[classes/:na]
	at org.springframework.web.servlet.HandlerExecutionChain.applyPreHandle(HandlerExecutionChain.java:134) ~[spring-webmvc-4.3.8.RELEASE.jar:4.3.8.RELEASE]
	at org.springframework.web.servlet.DispatcherServlet.doDispatch(DispatcherServlet.java:958) ~[spring-webmvc-4.3.8.RELEASE.jar:4.3.8.RELEASE]
	at org.springframework.web.servlet.DispatcherServlet.doService(DispatcherServlet.java:897) ~[spring-webmvc-4.3.8.RELEASE.jar:4.3.8.RELEASE]
	at org.springframework.web.servlet.FrameworkServlet.processRequest(FrameworkServlet.java:970) ~[spring-webmvc-4.3.8.RELEASE.jar:4.3.8.RELEASE]
	at org.springframework.web.servlet.FrameworkServlet.doGet(FrameworkServlet.java:861) ~[spring-webmvc-4.3.8.RELEASE.jar:4.3.8.RELEASE]
	at javax.servlet.http.HttpServlet.service(HttpServlet.java:635) ~[tomcat-embed-core-8.5.14.jar:8.5.14]
	at org.springframework.web.servlet.FrameworkServlet.service(FrameworkServlet.java:846) ~[spring-webmvc-4.3.8.RELEASE.jar:4.3.8.RELEASE]
	at javax.servlet.http.HttpServlet.service(HttpServlet.java:742) ~[tomcat-embed-core-8.5.14.jar:8.5.14]
	at org.apache.catalina.core.ApplicationFilterChain.internalDoFilter(ApplicationFilterChain.java:231) ~[tomcat-embed-core-8.5.14.jar:8.5.14]
	at org.apache.catalina.core.ApplicationFilterChain.doFilter(ApplicationFilterChain.java:166) ~[tomcat-embed-core-8.5.14.jar:8.5.14]
	at org.apache.tomcat.websocket.server.WsFilter.doFilter(WsFilter.java:52) ~[tomcat-embed-websocket-8.5.14.jar:8.5.14]
	at org.apache.catalina.core.ApplicationFilterChain.internalDoFilter(ApplicationFilterChain.java:193) ~[tomcat-embed-core-8.5.14.jar:8.5.14]
	at org.apache.catalina.core.ApplicationFilterChain.doFilter(ApplicationFilterChain.java:166) ~[tomcat-embed-core-8.5.14.jar:8.5.14]
	at org.springframework.web.filter.RequestContextFilter.doFilterInternal(RequestContextFilter.java:99) ~[spring-web-4.3.8.RELEASE.jar:4.3.8.RELEASE]
	at org.springframework.web.filter.OncePerRequestFilter.doFilter(OncePerRequestFilter.java:107) ~[spring-web-4.3.8.RELEASE.jar:4.3.8.RELEASE]
	at org.apache.catalina.core.ApplicationFilterChain.internalDoFilter(ApplicationFilterChain.java:193) ~[tomcat-embed-core-8.5.14.jar:8.5.14]
	at org.apache.catalina.core.ApplicationFilterChain.doFilter(ApplicationFilterChain.java:166) ~[tomcat-embed-core-8.5.14.jar:8.5.14]
	at org.springframework.web.filter.HttpPutFormContentFilter.doFilterInternal(HttpPutFormContentFilter.java:105) ~[spring-web-4.3.8.RELEASE.jar:4.3.8.RELEASE]
	at org.springframework.web.filter.OncePerRequestFilter.doFilter(OncePerRequestFilter.java:107) ~[spring-web-4.3.8.RELEASE.jar:4.3.8.RELEASE]
	at org.apache.catalina.core.ApplicationFilterChain.internalDoFilter(ApplicationFilterChain.java:193) ~[tomcat-embed-core-8.5.14.jar:8.5.14]
	at org.apache.catalina.core.ApplicationFilterChain.doFilter(ApplicationFilterChain.java:166) ~[tomcat-embed-core-8.5.14.jar:8.5.14]
	at org.springframework.web.filter.HiddenHttpMethodFilter.doFilterInternal(HiddenHttpMethodFilter.java:81) ~[spring-web-4.3.8.RELEASE.jar:4.3.8.RELEASE]
	at org.springframework.web.filter.OncePerRequestFilter.doFilter(OncePerRequestFilter.java:107) ~[spring-web-4.3.8.RELEASE.jar:4.3.8.RELEASE]
	at org.apache.catalina.core.ApplicationFilterChain.internalDoFilter(ApplicationFilterChain.java:193) ~[tomcat-embed-core-8.5.14.jar:8.5.14]
	at org.apache.catalina.core.ApplicationFilterChain.doFilter(ApplicationFilterChain.java:166) ~[tomcat-embed-core-8.5.14.jar:8.5.14]
	at org.springframework.web.filter.CharacterEncodingFilter.doFilterInternal(CharacterEncodingFilter.java:197) ~[spring-web-4.3.8.RELEASE.jar:4.3.8.RELEASE]
	at org.springframework.web.filter.OncePerRequestFilter.doFilter(OncePerRequestFilter.java:107) ~[spring-web-4.3.8.RELEASE.jar:4.3.8.RELEASE]
	at org.apache.catalina.core.ApplicationFilterChain.internalDoFilter(ApplicationFilterChain.java:193) ~[tomcat-embed-core-8.5.14.jar:8.5.14]
	at org.apache.catalina.core.ApplicationFilterChain.doFilter(ApplicationFilterChain.java:166) ~[tomcat-embed-core-8.5.14.jar:8.5.14]
	at org.apache.catalina.core.StandardWrapperValve.invoke(StandardWrapperValve.java:198) ~[tomcat-embed-core-8.5.14.jar:8.5.14]
	at org.apache.catalina.core.StandardContextValve.invoke(StandardContextValve.java:96) [tomcat-embed-core-8.5.14.jar:8.5.14]
	at org.apache.catalina.authenticator.AuthenticatorBase.invoke(AuthenticatorBase.java:478) [tomcat-embed-core-8.5.14.jar:8.5.14]
	at org.apache.catalina.core.StandardHostValve.invoke(StandardHostValve.java:140) [tomcat-embed-core-8.5.14.jar:8.5.14]
	at org.apache.catalina.valves.ErrorReportValve.invoke(ErrorReportValve.java:80) [tomcat-embed-core-8.5.14.jar:8.5.14]
	at org.apache.catalina.core.StandardEngineValve.invoke(StandardEngineValve.java:87) [tomcat-embed-core-8.5.14.jar:8.5.14]
	at org.apache.catalina.connector.CoyoteAdapter.service(CoyoteAdapter.java:342) [tomcat-embed-core-8.5.14.jar:8.5.14]
	at org.apache.coyote.http11.Http11Processor.service(Http11Processor.java:799) [tomcat-embed-core-8.5.14.jar:8.5.14]
	at org.apache.coyote.AbstractProcessorLight.process(AbstractProcessorLight.java:66) [tomcat-embed-core-8.5.14.jar:8.5.14]
	at org.apache.coyote.AbstractProtocol$ConnectionHandler.process(AbstractProtocol.java:861) [tomcat-embed-core-8.5.14.jar:8.5.14]
	at org.apache.tomcat.util.net.NioEndpoint$SocketProcessor.doRun(NioEndpoint.java:1455) [tomcat-embed-core-8.5.14.jar:8.5.14]
	at org.apache.tomcat.util.net.SocketProcessorBase.run(SocketProcessorBase.java:49) [tomcat-embed-core-8.5.14.jar:8.5.14]
	at java.util.concurrent.ThreadPoolExecutor.runWorker(ThreadPoolExecutor.java:1149) [na:1.8.0_282]
	at java.util.concurrent.ThreadPoolExecutor$Worker.run(ThreadPoolExecutor.java:624) [na:1.8.0_282]
	at org.apache.tomcat.util.threads.TaskThread$WrappingRunnable.run(TaskThread.java:61) [tomcat-embed-core-8.5.14.jar:8.5.14]
	at java.lang.Thread.run(Thread.java:748) [na:1.8.0_282]

2021-06-16 11:24:29.542  INFO 36296 --- [http-nio-9527-exec-2] d.i.w.merchants.controller.MerchantsCtl  : BuildMerchantsInfo: 19
2021-06-16 11:24:29.578  INFO 36296 --- [http-nio-9527-exec-2] o.h.h.i.QueryTranslatorFactoryInitiator  : HHH000397: Using ASTQueryTranslatorFactory
2021-06-16 11:30:18.180  INFO 36296 --- [http-nio-9527-exec-8] d.i.w.merchants.controller.MerchantsCtl  : CreateMerchants: {"address":"Tampa","businessLicenseUrl":"www.ivyzhao.dev","logoUrl":"www.ivyzhao.dev","name":"IvyDev2","phone":"1234567890"}
